
> transcendence-evaluation-tests@1.0.0 test:all
> node run-all-tests.js

[36m
ğŸ” Checking if server is running...[0m
[32mâœ… Server is running!
[0m
[1m
â•”â•â•â•â•â•â•â•â•â•â•â•â•â•â•â•â•â•â•â•â•â•â•â•â•â•â•â•â•â•â•â•â•â•â•â•â•â•â•â•â•â•â•â•â•â•â•â•â•â•â•â•â•â•â•â•â•â•â•â•â•â•â•â•â•â•â•â•â•â•—[0m
[1mâ•‘     TRANSCENDENCE PROJECT - COMPREHENSIVE EVALUATION SUITE        â•‘[0m
[1mâ•šâ•â•â•â•â•â•â•â•â•â•â•â•â•â•â•â•â•â•â•â•â•â•â•â•â•â•â•â•â•â•â•â•â•â•â•â•â•â•â•â•â•â•â•â•â•â•â•â•â•â•â•â•â•â•â•â•â•â•â•â•â•â•â•â•â•â•â•â•â•[0m
[36m
ğŸ“‹ Running all test suites...[0m
[34mThis may take a few minutes.
[0m
[36m
======================================================================[0m
[1mRunning: Security Tests[0m
[34mDescription: HTTPS, password hashing, SQL injection, XSS protection[0m
[31mCritical: YES[0m
[36m======================================================================[0m
[1m
â•”â•â•â•â•â•â•â•â•â•â•â•â•â•â•â•â•â•â•â•â•â•â•â•â•â•â•â•â•â•â•â•â•â•â•â•â•â•â•â•â•â•â•â•â•â•â•â•â•â•â•â•â•â•â•â•â•â•â•â•â•â•—[0m
[1mâ•‘        TRANSCENDENCE SECURITY EVALUATION TESTS            â•‘[0m
[1mâ•šâ•â•â•â•â•â•â•â•â•â•â•â•â•â•â•â•â•â•â•â•â•â•â•â•â•â•â•â•â•â•â•â•â•â•â•â•â•â•â•â•â•â•â•â•â•â•â•â•â•â•â•â•â•â•â•â•â•â•â•â•â•[0m
[36m
Starting security tests...[0m
[34mTarget URL: https://localhost:3001[0m
[36m
ğŸ§ª Testing: HTTPS/TLS Configuration[0m
[32m  âœ… PASS: HTTPS endpoint is accessible[0m
[33m  âš ï¸  WARN: Could not verify TLS encryption details[0m
[32m  âœ… PASS: HTTP endpoint is disabled (good security practice)[0m
[36m
ğŸ§ª Testing: Password Hashing (bcrypt)[0m
[34m  â„¹ï¸  INFO: Creating test user: testuser_1762975927607[0m
[32m  âœ… PASS: User registration successful[0m
[32m  âœ… PASS: Password is not exposed in API response[0m
[32m  âœ… PASS: Password hashing works correctly (login successful)[0m
[34m  â„¹ï¸  INFO: bcrypt is being used for password hashing[0m
[36m
ğŸ§ª Testing: SQL Injection Protection[0m
[32m  âœ… PASS: SQL injection payloads properly rejected[0m
[34m  â„¹ï¸  INFO: Prepared statements appear to be used correctly[0m
[36m
ğŸ§ª Testing: XSS (Cross-Site Scripting) Protection[0m
[32m  âœ… PASS: XSS payloads appear to be sanitized[0m
[34m  â„¹ï¸  INFO: Input sanitization is working correctly[0m
[36m
ğŸ§ª Testing: JWT Token Security[0m
[32m  âœ… PASS: JWT token returned on login[0m
[31m  âŒ FAIL: Valid JWT token rejected by protected endpoint[0m
[31m  âŒ FAIL: Protected endpoint accessible without JWT token![0m
[31m  âŒ FAIL: Protected endpoint accepts invalid JWT token![0m
[36m
ğŸ§ª Testing: Environment Variables Security[0m
[32m  âœ… PASS: .env file exists[0m
[32m  âœ… PASS: .env is in .gitignore[0m
[32m  âœ… PASS: No obvious weak secrets in .env[0m
[32m  âœ… PASS: No obvious sensitive files in project root[0m
[1m
â•”â•â•â•â•â•â•â•â•â•â•â•â•â•â•â•â•â•â•â•â•â•â•â•â•â•â•â•â•â•â•â•â•â•â•â•â•â•â•â•â•â•â•â•â•â•â•â•â•â•â•â•â•â•â•â•â•â•â•â•â•â•—[0m
[1mâ•‘                    TEST SUMMARY                            â•‘[0m
[1mâ•šâ•â•â•â•â•â•â•â•â•â•â•â•â•â•â•â•â•â•â•â•â•â•â•â•â•â•â•â•â•â•â•â•â•â•â•â•â•â•â•â•â•â•â•â•â•â•â•â•â•â•â•â•â•â•â•â•â•â•â•â•â•[0m
[34m
Total Tests: 14[0m
[32mPassed: 11[0m
[31mFailed: 3[0m
[33mWarnings: 1[0m
[31m
Pass Rate: 78.57%[0m
[31m
âš ï¸  CRITICAL SECURITY ISSUES FOUND![0m
[31mPlease review the failed tests above.[0m
[36m
======================================================================[0m
[1mRunning: API Tests[0m
[34mDescription: User registration, login, authentication, validation[0m
[31mCritical: YES[0m
[36m======================================================================[0m
[0m
â•”â•â•â•â•â•â•â•â•â•â•â•â•â•â•â•â•â•â•â•â•â•â•â•â•â•â•â•â•â•â•â•â•â•â•â•â•â•â•â•â•â•â•â•â•â•â•â•â•â•â•â•â•â•â•â•â•â•â•â•â•â•—[0m
[0mâ•‘           TRANSCENDENCE API EVALUATION TESTS              â•‘[0m
[0mâ•šâ•â•â•â•â•â•â•â•â•â•â•â•â•â•â•â•â•â•â•â•â•â•â•â•â•â•â•â•â•â•â•â•â•â•â•â•â•â•â•â•â•â•â•â•â•â•â•â•â•â•â•â•â•â•â•â•â•â•â•â•â•[0m
[34m
Target URL: https://localhost:3001[0m
[36m
ğŸ§ª Testing: User Registration[0m
[32m  âœ… PASS: Valid user registration works[0m
[32m  âœ… PASS: Duplicate username properly rejected[0m
[32m  âœ… PASS: Short username rejected[0m
[32m  âœ… PASS: Short password rejected[0m
[32m  âœ… PASS: Missing password rejected[0m
[36m
ğŸ§ª Testing: User Login[0m
[32m  âœ… PASS: Valid login successful with token[0m
[32m  âœ… PASS: Invalid password rejected[0m
[32m  âœ… PASS: Non-existent user rejected[0m
[32m  âœ… PASS: Missing password rejected[0m
[36m
ğŸ§ª Testing: Protected Endpoints[0m
[31m  âŒ FAIL: Valid token rejected (404)[0m
[31m  âŒ FAIL: Protected endpoint accessible without token! (404)[0m
[31m  âŒ FAIL: Invalid token accepted! (404)[0m
[36m
ğŸ§ª Testing: Input Validation[0m
[32m  âœ… PASS: Invalid JSON properly rejected[0m
[32m  âœ… PASS: Empty strings properly rejected[0m
[32m  âœ… PASS: Null values properly rejected[0m
[32m  âœ… PASS: Extremely long username properly rejected[0m
[36m
ğŸ§ª Testing: Error Handling[0m
[32m  âœ… PASS: Non-existent endpoint returns 404[0m
[32m  âœ… PASS: Invalid HTTP method properly rejected[0m
[32m  âœ… PASS: Missing Content-Type handled[0m
[0m
â•”â•â•â•â•â•â•â•â•â•â•â•â•â•â•â•â•â•â•â•â•â•â•â•â•â•â•â•â•â•â•â•â•â•â•â•â•â•â•â•â•â•â•â•â•â•â•â•â•â•â•â•â•â•â•â•â•â•â•â•â•â•—[0m
[0mâ•‘                    TEST SUMMARY                            â•‘[0m
[0mâ•šâ•â•â•â•â•â•â•â•â•â•â•â•â•â•â•â•â•â•â•â•â•â•â•â•â•â•â•â•â•â•â•â•â•â•â•â•â•â•â•â•â•â•â•â•â•â•â•â•â•â•â•â•â•â•â•â•â•â•â•â•â•[0m
[34m
Total Tests: 19[0m
[32mPassed: 16[0m
[31mFailed: 3[0m
[33mWarnings: 0[0m
[32m
Pass Rate: 84.21%[0m
[31m
âš ï¸  Some API tests failed. Please review.[0m
[36m
======================================================================[0m
[1mRunning: Game Tests[0m
[34mDescription: WebSocket, game creation, tournaments, state updates[0m
[33mCritical: NO[0m
[36m======================================================================[0m
[36m
======================================================================[0m
[1mRunning: Integration Tests[0m
[34mDescription: Full user flows, friend system, match history[0m
[33mCritical: NO[0m
[36m======================================================================[0m
[36m

======================================================================[0m
[1mALL TESTS COMPLETED[0m
[36m======================================================================[0m
[0m

â•”â•â•â•â•â•â•â•â•â•â•â•â•â•â•â•â•â•â•â•â•â•â•â•â•â•â•â•â•â•â•â•â•â•â•â•â•â•â•â•â•â•â•â•â•â•â•â•â•â•â•â•â•â•â•â•â•â•â•â•â•â•â•â•â•â•â•â•â•â•â•â•â•â•—
â•‘                   TRANSCENDENCE EVALUATION REPORT                      â•‘
â•šâ•â•â•â•â•â•â•â•â•â•â•â•â•â•â•â•â•â•â•â•â•â•â•â•â•â•â•â•â•â•â•â•â•â•â•â•â•â•â•â•â•â•â•â•â•â•â•â•â•â•â•â•â•â•â•â•â•â•â•â•â•â•â•â•â•â•â•â•â•â•â•â•â•

Generated: 2025-11-12T19:32:15.111Z
Project: ft_transcendence
Evaluator: [Your Name Here]

â•â•â•â•â•â•â•â•â•â•â•â•â•â•â•â•â•â•â•â•â•â•â•â•â•â•â•â•â•â•â•â•â•â•â•â•â•â•â•â•â•â•â•â•â•â•â•â•â•â•â•â•â•â•â•â•â•â•â•â•â•â•â•â•â•â•â•â•â•â•â•â•â•â•â•

TEST RESULTS SUMMARY
â•â•â•â•â•â•â•â•â•â•â•â•â•â•â•â•â•â•â•â•â•â•â•â•â•â•â•â•â•â•â•â•â•â•â•â•â•â•â•â•â•â•â•â•â•â•â•â•â•â•â•â•â•â•â•â•â•â•â•â•â•â•â•â•â•â•â•â•â•â•â•â•â•â•â•

âŒ FAIL [CRITICAL] Security Tests
âŒ FAIL [CRITICAL] API Tests
âŒ FAIL [OPTIONAL] Game Tests
âŒ FAIL [OPTIONAL] Integration Tests

â•â•â•â•â•â•â•â•â•â•â•â•â•â•â•â•â•â•â•â•â•â•â•â•â•â•â•â•â•â•â•â•â•â•â•â•â•â•â•â•â•â•â•â•â•â•â•â•â•â•â•â•â•â•â•â•â•â•â•â•â•â•â•â•â•â•â•â•â•â•â•â•â•â•â•

EVALUATION CHECKLIST
â•â•â•â•â•â•â•â•â•â•â•â•â•â•â•â•â•â•â•â•â•â•â•â•â•â•â•â•â•â•â•â•â•â•â•â•â•â•â•â•â•â•â•â•â•â•â•â•â•â•â•â•â•â•â•â•â•â•â•â•â•â•â•â•â•â•â•â•â•â•â•â•â•â•â•

SECURITY (CRITICAL - MUST PASS ALL):
âŒ HTTPS/TLS enabled
âŒ Password hashing (bcrypt)
âŒ No credentials in git
âŒ SQL injection protection
âŒ XSS protection
âŒ Server-side validation

BASIC FUNCTIONALITY:
âŒ User registration works
âŒ User login works
âŒ Protected endpoints secured
[ ] SPA navigation (manual test required)
[ ] Browser compatibility (manual test required)

GAME FUNCTIONALITY:
âš ï¸  WebSocket connection
âš ï¸  Game creation
âš ï¸  Tournament support
[ ] Local multiplayer (manual test required)
[ ] Keyboard controls (manual test required)
[ ] Game rules compliance (manual test required)

INTEGRATION:
âš ï¸  Full user journey
âš ï¸  Friend system
âš ï¸  Match history
âš ï¸  Profile management

â•â•â•â•â•â•â•â•â•â•â•â•â•â•â•â•â•â•â•â•â•â•â•â•â•â•â•â•â•â•â•â•â•â•â•â•â•â•â•â•â•â•â•â•â•â•â•â•â•â•â•â•â•â•â•â•â•â•â•â•â•â•â•â•â•â•â•â•â•â•â•â•â•â•â•

MODULES IMPLEMENTED
â•â•â•â•â•â•â•â•â•â•â•â•â•â•â•â•â•â•â•â•â•â•â•â•â•â•â•â•â•â•â•â•â•â•â•â•â•â•â•â•â•â•â•â•â•â•â•â•â•â•â•â•â•â•â•â•â•â•â•â•â•â•â•â•â•â•â•â•â•â•â•â•â•â•â•

Based on the test results and codebase analysis:

Major Modules (2 minor modules each):
- [ ] Module 1: _________________________________
- [ ] Module 2: _________________________________
- [ ] Module 3: _________________________________

Minor Modules:
- [ ] Module 4: _________________________________
- [ ] Module 5: _________________________________
- [ ] Module 6: _________________________________
- [ ] Module 7: _________________________________

BONUS Modules:
- [ ] Extra 1: _________________________________

â•â•â•â•â•â•â•â•â•â•â•â•â•â•â•â•â•â•â•â•â•â•â•â•â•â•â•â•â•â•â•â•â•â•â•â•â•â•â•â•â•â•â•â•â•â•â•â•â•â•â•â•â•â•â•â•â•â•â•â•â•â•â•â•â•â•â•â•â•â•â•â•â•â•â•

MANUAL TESTING NOTES
â•â•â•â•â•â•â•â•â•â•â•â•â•â•â•â•â•â•â•â•â•â•â•â•â•â•â•â•â•â•â•â•â•â•â•â•â•â•â•â•â•â•â•â•â•â•â•â•â•â•â•â•â•â•â•â•â•â•â•â•â•â•â•â•â•â•â•â•â•â•â•â•â•â•â•

Please perform the following manual tests and document results:

1. SPA Navigation:
   - Use browser Back/Forward buttons
   - Result: _____________________

2. Local Game:
   - Test with 2 players on same keyboard
   - Result: _____________________

3. Tournament:
   - Create tournament with 4+ players
   - Verify matchmaking and bracket
   - Result: _____________________

4. Lag/Disconnect Handling:
   - Simulate network issues
   - Result: _____________________

5. Module Demonstrations:
   - Ask team to demonstrate each module
   - Verify understanding and implementation
   - Results: _____________________

â•â•â•â•â•â•â•â•â•â•â•â•â•â•â•â•â•â•â•â•â•â•â•â•â•â•â•â•â•â•â•â•â•â•â•â•â•â•â•â•â•â•â•â•â•â•â•â•â•â•â•â•â•â•â•â•â•â•â•â•â•â•â•â•â•â•â•â•â•â•â•â•â•â•â•

ISSUES FOUND
â•â•â•â•â•â•â•â•â•â•â•â•â•â•â•â•â•â•â•â•â•â•â•â•â•â•â•â•â•â•â•â•â•â•â•â•â•â•â•â•â•â•â•â•â•â•â•â•â•â•â•â•â•â•â•â•â•â•â•â•â•â•â•â•â•â•â•â•â•â•â•â•â•â•â•

List any issues, bugs, or concerns:

1. _________________________________________________________________________
2. _________________________________________________________________________
3. _________________________________________________________________________

â•â•â•â•â•â•â•â•â•â•â•â•â•â•â•â•â•â•â•â•â•â•â•â•â•â•â•â•â•â•â•â•â•â•â•â•â•â•â•â•â•â•â•â•â•â•â•â•â•â•â•â•â•â•â•â•â•â•â•â•â•â•â•â•â•â•â•â•â•â•â•â•â•â•â•

OVERALL ASSESSMENT
â•â•â•â•â•â•â•â•â•â•â•â•â•â•â•â•â•â•â•â•â•â•â•â•â•â•â•â•â•â•â•â•â•â•â•â•â•â•â•â•â•â•â•â•â•â•â•â•â•â•â•â•â•â•â•â•â•â•â•â•â•â•â•â•â•â•â•â•â•â•â•â•â•â•â•

âŒ CRITICAL TESTS FAILED - Security issues must be fixed!

Automated Tests: 0 / 4 passed
Security Status: INSECURE âŒ
Basic Functionality: ISSUES FOUND âŒ

Recommended Grade: ___ / 100

Evaluator Signature: _______________________
Date: 2025/11/13

â•â•â•â•â•â•â•â•â•â•â•â•â•â•â•â•â•â•â•â•â•â•â•â•â•â•â•â•â•â•â•â•â•â•â•â•â•â•â•â•â•â•â•â•â•â•â•â•â•â•â•â•â•â•â•â•â•â•â•â•â•â•â•â•â•â•â•â•â•â•â•â•â•â•â•
[0m
[34m
ğŸ“„ Full report saved to: /Users/shuga/Projects/transcendence/evaluation-tests/test-results.txt[0m
[31m
ğŸš¨ CRITICAL FAILURE: Security or basic functionality tests failed![0m
[31mThe project cannot pass evaluation until these issues are fixed.
[0m
